1000 423 249500 50.0 499 499
0 165
1 341
2 340
3 339
4 342
5 345
6 344
7 343
8 338
9 333
10 332
11 331
12 334
13 337
14 336
15 335
16 346
17 357
18 356
19 355
20 358
21 361
22 360
23 359
24 354
25 349
26 348
27 347
28 350
29 353
30 352
31 351
32 184
33 183
34 173
35 292
36 315
37 314
38 293
39 172
40 167
41 166
42 165
43 168
44 171
45 170
46 169
47 316
48 326
49 325
50 324
51 327
52 330
53 329
54 328
55 323
56 319
57 318
58 317
59 320
60 322
61 321
62 64
63 403
64 402
65 401
66 404
67 407
68 406
69 405
70 400
71 395
72 394
73 393
74 396
75 399
76 398
77 397
78 408
79 419
80 418
81 417
82 420
83 423
84 422
85 421
86 416
87 411
88 410
89 409
90 412
91 415
92 414
93 413
94 372
95 371
96 370
97 373
98 376
99 375
100 374
101 369
102 364
103 363
104 362
105 365
106 368
107 367
108 366
109 377
110 388
111 387
112 386
113 389
114 392
115 391
116 390
117 385
118 380
119 379
120 378
121 381
122 384
123 383
124 382
125 108
126 107
127 105
128 109
129 112
130 111
131 110
132 104
133 99
134 98
135 97
136 100
137 103
138 102
139 101
140 113
141 124
142 123
143 122
144 125
145 185
146 188
147 126
148 121
149 116
150 115
151 114
152 117
153 120
154 119
155 118
156 76
157 75
158 74
159 77
160 80
161 79
162 78
163 73
164 68
165 67
166 66
167 69
168 72
169 71
170 70
171 81
172 92
173 91
174 90
175 93
176 96
177 95
178 94
179 89
180 84
181 83
182 82
183 85
184 88
185 87
186 86
187 291
188 290
189 285
190 294
191 297
192 296
193 295
194 284
195 283
196 262
197 261
198 286
199 289
200 288
201 287
202 298
203 309
204 308
205 307
206 310
207 313
208 312
209 311
210 306
211 301
212 300
213 299
214 302
215 305
216 304
217 303
218 260
219 259
220 254
221 263
222 266
223 265
224 264
225 253
226 252
227 251
228 106
229 255
230 258
231 257
232 256
233 267
234 278
235 277
236 276
237 279
238 282
239 281
240 280
241 275
242 270
243 269
244 268
245 271
246 274
247 273
248 272
249 65
250 43
251 42
252 41
253 44
254 47
255 46
256 45
257 40
258 35
259 34
260 33
261 36
262 39
263 38
264 37
265 48
266 59
267 58
268 57
269 60
270 63
271 62
272 61
273 56
274 51
275 50
276 49
277 52
278 55
279 54
280 53
281 12
282 11
283 10
284 13
285 16
286 15
287 14
288 9
289 4
290 3
291 2
292 5
293 8
294 7
295 6
296 17
297 28
298 27
299 26
300 29
301 32
302 31
303 30
304 25
305 20
306 19
307 18
308 21
309 24
310 23
311 22
312 64
313 231
314 230
315 229
316 232
317 235
318 234
319 233
320 228
321 223
322 222
323 221
324 224
325 227
326 226
327 225
328 236
329 247
330 246
331 245
332 248
333 314
334 250
335 249
336 244
337 239
338 238
339 237
340 240
341 243
342 242
343 241
344 200
345 199
346 198
347 201
348 204
349 203
350 202
351 197
352 192
353 191
354 189
355 193
356 196
357 195
358 194
359 205
360 216
361 215
362 214
363 217
364 220
365 219
366 218
367 213
368 208
369 207
370 206
371 209
372 212
373 211
374 210
375 190
376 168
377 167
378 166
379 169
380 172
381 171
382 170
383 165
384 160
385 159
386 158
387 161
388 164
389 163
390 162
391 173
392 184
393 183
394 182
395 185
396 188
397 187
398 186
399 181
400 176
401 175
402 174
403 177
404 180
405 179
406 178
407 137
408 136
409 135
410 138
411 141
412 140
413 139
414 134
415 127
416 129
417 128
418 130
419 133
420 132
421 131
422 142
423 153
424 152
425 151
426 154
427 157
428 156
429 155
430 150
431 145
432 144
433 143
434 146
435 149
436 148
437 147
438 293
439 292
440 291
441 294
442 297
443 296
444 295
445 290
446 285
447 284
448 283
449 286
450 289
451 288
452 287
453 298
454 309
455 308
456 307
457 310
458 313
459 312
460 311
461 306
462 301
463 300
464 299
465 302
466 305
467 304
468 303
469 262
470 261
471 260
472 263
473 266
474 265
475 264
476 259
477 254
478 253
479 252
480 255
481 258
482 257
483 256
484 267
485 278
486 277
487 276
488 279
489 282
490 281
491 280
492 275
493 270
494 269
495 268
496 271
497 274
498 273
499 272
500 85
501 86
502 87
503 84
504 81
505 82
506 83
507 88
508 93
509 94
510 95
511 92
512 89
513 90
514 91
515 80
516 69
517 70
518 71
519 68
520 65
521 66
522 67
523 72
524 77
525 78
526 79
527 76
528 73
529 74
530 75
531 116
532 117
533 118
534 115
535 112
536 113
537 114
538 119
539 124
540 125
541 126
542 123
543 120
544 121
545 122
546 111
547 100
548 101
549 102
550 99
551 96
552 97
553 98
554 103
555 108
556 109
557 110
558 107
559 104
560 105
561 106
562 64
563 22
564 23
565 24
566 21
567 18
568 19
569 20
570 25
571 30
572 31
573 32
574 29
575 26
576 27
577 28
578 17
579 6
580 7
581 8
582 5
583 2
584 3
585 4
586 9
587 14
588 15
589 16
590 13
591 10
592 11
593 12
594 53
595 54
596 55
597 52
598 49
599 50
600 51
601 56
602 61
603 62
604 63
605 60
606 57
607 58
608 59
609 48
610 37
611 38
612 39
613 36
614 33
615 34
616 35
617 40
618 45
619 46
620 47
621 44
622 41
623 42
624 43
625 210
626 211
627 212
628 209
629 206
630 207
631 208
632 213
633 218
634 219
635 220
636 217
637 214
638 215
639 216
640 205
641 194
642 195
643 196
644 193
645 190
646 191
647 192
648 197
649 202
650 203
651 204
652 201
653 198
654 199
655 200
656 241
657 242
658 243
659 240
660 237
661 238
662 239
663 244
664 249
665 250
666 251
667 248
668 245
669 246
670 247
671 236
672 225
673 226
674 227
675 224
676 221
677 222
678 223
679 228
680 233
681 234
682 235
683 232
684 229
685 230
686 231
687 189
688 147
689 148
690 149
691 146
692 143
693 144
694 145
695 150
696 155
697 156
698 157
699 154
700 151
701 152
702 153
703 142
704 131
705 132
706 133
707 130
708 127
709 128
710 129
711 134
712 139
713 140
714 141
715 138
716 135
717 136
718 137
719 178
720 179
721 180
722 177
723 174
724 175
725 176
726 181
727 186
728 187
729 188
730 185
731 182
732 183
733 184
734 173
735 162
736 163
737 164
738 161
739 158
740 159
741 160
742 165
743 170
744 171
745 172
746 169
747 166
748 167
749 168
750 263
751 85
752 86
753 87
754 84
755 81
756 82
757 83
758 88
759 93
760 94
761 95
762 92
763 89
764 90
765 91
766 80
767 69
768 70
769 71
770 68
771 65
772 66
773 67
774 72
775 77
776 78
777 79
778 76
779 73
780 74
781 75
782 116
783 117
784 118
785 115
786 112
787 113
788 114
789 119
790 124
791 125
792 126
793 123
794 120
795 121
796 122
797 111
798 100
799 101
800 102
801 99
802 96
803 97
804 98
805 103
806 108
807 109
808 110
809 107
810 104
811 105
812 64
813 22
814 23
815 24
816 21
817 18
818 19
819 20
820 25
821 30
822 31
823 32
824 29
825 26
826 27
827 28
828 17
829 6
830 7
831 8
832 5
833 2
834 3
835 4
836 9
837 14
838 15
839 16
840 13
841 10
842 11
843 12
844 53
845 54
846 55
847 52
848 49
849 50
850 51
851 56
852 61
853 62
854 63
855 60
856 57
857 58
858 59
859 48
860 37
861 38
862 39
863 36
864 33
865 34
866 35
867 40
868 45
869 46
870 47
871 44
872 41
873 42
874 43
875 256
876 257
877 258
878 255
879 252
880 253
881 254
882 259
883 260
884 261
885 262
886 220
887 217
888 218
889 219
890 216
891 209
892 210
893 211
894 208
895 205
896 206
897 207
898 212
899 213
900 214
901 215
902 204
903 201
904 202
905 203
906 241
907 242
908 243
909 240
910 237
911 238
912 239
913 244
914 249
915 250
916 251
917 248
918 245
919 246
920 247
921 236
922 225
923 226
924 227
925 224
926 221
927 222
928 223
929 228
930 233
931 234
932 235
933 232
934 229
935 230
936 231
937 190
938 191
939 192
940 189
941 147
942 148
943 149
944 193
945 194
946 195
947 156
948 155
949 150
950 151
951 152
952 146
953 142
954 143
955 132
956 131
957 106
958 127
959 128
960 129
961 144
962 145
963 140
964 139
965 130
966 133
967 134
968 196
969 197
970 198
971 179
972 177
973 178
974 175
975 176
976 199
977 200
978 187
979 186
980 180
981 181
982 182
983 174
984 141
985 153
986 154
987 138
988 135
989 136
990 137
991 157
992 162
993 163
994 164
995 161
996 158
997 159
998 160
999 1
