600 197 161730 90.0 576 510
0 38
1 19
2 60
3 67
4 12
5 2
6 11
7 50
8 60
9 25
10 34
11 34
12 12
13 22
14 43
15 2
16 48
17 39
18 61
19 27
20 13
21 8
22 30
23 53
24 17
25 28
26 32
27 21
28 57
29 22
30 64
31 51
32 46
33 3
34 37
35 52
36 30
37 20
38 46
39 9
40 53
41 6
42 7
43 14
44 8
45 13
46 55
47 36
48 1
49 36
50 59
51 65
52 26
53 24
54 20
55 27
56 10
57 20
58 48
59 8
60 24
61 15
62 18
63 57
64 50
65 5
66 33
67 14
68 40
69 16
70 21
71 60
72 39
73 18
74 11
75 9
76 35
77 41
78 58
79 50
80 16
81 47
82 68
83 38
84 43
85 56
86 64
87 37
88 31
89 65
90 45
91 44
92 4
93 29
94 40
95 45
96 41
97 33
98 3
99 6
100 16
101 42
102 25
103 56
104 51
105 17
106 49
107 73
108 15
109 31
110 26
111 19
112 47
113 34
114 23
115 45
116 59
117 1
118 32
119 42
120 28
121 29
122 66
123 44
124 23
125 54
126 5
127 55
128 17
129 4
130 62
131 49
132 7
133 58
134 10
135 172
136 125
137 156
138 79
139 99
140 86
141 171
142 175
143 93
144 122
145 168
146 62
147 169
148 67
149 133
150 21
151 141
152 130
153 66
154 19
155 128
156 77
157 94
158 99
159 80
160 168
161 141
162 193
163 149
164 196
165 36
166 135
167 101
168 77
169 126
170 180
171 6
172 194
173 87
174 127
175 61
176 52
177 143
178 145
179 113
180 39
181 105
182 117
183 192
184 12
185 158
186 160
187 22
188 142
189 138
190 182
191 144
192 137
193 145
194 143
195 126
196 154
197 101
198 98
199 70
200 149
201 181
202 135
203 161
204 111
205 167
206 100
207 118
208 81
209 157
210 131
211 196
212 193
213 144
214 159
215 192
216 129
217 140
218 155
219 70
220 155
221 131
222 160
223 180
224 191
225 154
226 143
227 122
228 188
229 131
230 112
231 173
232 114
233 35
234 104
235 134
236 187
237 136
238 121
239 92
240 137
241 146
242 167
243 95
244 123
245 67
246 135
247 149
248 117
249 150
250 134
251 115
252 172
253 93
254 121
255 164
256 154
257 105
258 118
259 161
260 166
261 90
262 69
263 130
264 159
265 97
266 127
267 67
268 74
269 181
270 195
271 71
272 173
273 88
274 88
275 142
276 160
277 109
278 147
279 166
280 84
281 24
282 154
283 172
284 64
285 100
286 72
287 179
288 189
289 109
290 167
291 136
292 85
293 112
294 151
295 184
296 35
297 116
298 179
299 189
300 72
301 173
302 65
303 124
304 140
305 96
306 94
307 181
308 176
309 43
310 129
311 71
312 147
313 82
314 113
315 164
316 163
317 92
318 186
319 129
320 97
321 103
322 49
323 70
324 178
325 124
326 136
327 187
328 165
329 95
330 77
331 54
332 118
333 181
334 147
335 61
336 138
337 69
338 120
339 162
340 185
341 102
342 107
343 84
344 59
345 121
346 116
347 41
348 119
349 112
350 48
351 82
352 177
353 111
354 73
355 47
356 2
357 89
358 46
359 24
360 92
361 183
362 133
363 37
364 128
365 174
366 103
367 110
368 152
369 96
370 146
371 127
372 184
373 110
374 107
375 151
376 163
377 79
378 79
379 141
380 127
381 196
382 164
383 52
384 124
385 98
386 70
387 179
388 27
389 86
390 169
391 94
392 156
393 152
394 140
395 85
396 12
397 68
398 115
399 188
400 89
401 147
402 91
403 134
404 171
405 73
406 74
407 90
408 55
409 148
410 119
411 170
412 146
413 197
414 123
415 139
416 185
417 76
418 80
419 116
420 124
421 63
422 95
423 130
424 83
425 178
426 86
427 128
428 175
429 18
430 139
431 98
432 83
433 80
434 125
435 56
436 78
437 165
438 158
439 66
440 105
441 3
442 40
443 54
444 106
445 63
446 103
447 71
448 71
449 139
450 31
451 108
452 126
453 110
454 98
455 186
456 79
457 162
458 104
459 86
460 148
461 90
462 158
463 91
464 93
465 104
466 75
467 153
468 81
469 190
470 87
471 177
472 123
473 68
474 155
475 91
476 149
477 115
478 145
479 15
480 75
481 1
482 62
483 160
484 157
485 82
486 150
487 42
488 100
489 85
490 156
491 125
492 178
493 32
494 151
495 174
496 89
497 140
498 117
499 157
500 184
501 75
502 84
503 119
504 175
505 194
506 111
507 169
508 186
509 63
510 102
511 25
512 94
513 113
514 189
515 183
516 80
517 133
518 78
519 35
520 132
521 177
522 29
523 93
524 26
525 38
526 170
527 182
528 108
529 82
530 193
531 107
532 88
533 78
534 84
535 170
536 23
537 117
538 81
539 120
540 132
541 75
542 87
543 137
544 44
545 104
546 105
547 96
548 144
549 133
550 191
551 76
552 106
553 114
554 76
555 183
556 163
557 185
558 190
559 10
560 152
561 159
562 120
563 53
564 58
565 114
566 103
567 40
568 99
569 111
570 120
571 1
572 74
573 119
574 69
575 138
576 121
577 112
578 153
579 148
580 101
581 142
582 106
583 107
584 168
585 132
586 161
587 110
588 190
589 122
590 102
591 166
592 108
593 97
594 176
595 72
596 116
597 83
598 130
599 52
