600 53 71880 40.0 334 140
0 37
1 27
2 16
3 40
4 17
5 18
6 16
7 5
8 4
9 26
10 19
11 31
12 34
13 38
14 32
15 19
16 23
17 27
18 9
19 24
20 41
21 25
22 44
23 34
24 19
25 12
26 2
27 40
28 7
29 29
30 34
31 21
32 38
33 46
34 10
35 8
36 26
37 26
38 24
39 24
40 38
41 47
42 44
43 25
44 49
45 23
46 45
47 28
48 8
49 5
50 47
51 18
52 21
53 3
54 46
55 40
56 35
57 36
58 20
59 6
60 28
61 7
62 30
63 22
64 1
65 16
66 6
67 8
68 18
69 29
70 23
71 12
72 25
73 49
74 19
75 32
76 44
77 49
78 5
79 26
80 6
81 48
82 20
83 43
84 16
85 42
86 17
87 39
88 12
89 8
90 25
91 13
92 51
93 17
94 22
95 31
96 7
97 18
98 22
99 27
100 39
101 32
102 45
103 19
104 19
105 18
106 12
107 44
108 12
109 46
110 33
111 3
112 24
113 7
114 47
115 37
116 5
117 21
118 2
119 22
120 35
121 29
122 14
123 9
124 10
125 33
126 30
127 32
128 27
129 10
130 1
131 50
132 11
133 15
134 32
135 4
136 13
137 8
138 33
139 16
140 46
141 9
142 39
143 37
144 36
145 14
146 36
147 39
148 5
149 38
150 25
151 1
152 43
153 15
154 43
155 45
156 16
157 23
158 15
159 14
160 11
161 9
162 13
163 47
164 1
165 18
166 34
167 42
168 40
169 46
170 8
171 20
172 15
173 20
174 23
175 18
176 30
177 35
178 41
179 37
180 37
181 6
182 14
183 43
184 12
185 18
186 33
187 2
188 13
189 30
190 28
191 11
192 6
193 14
194 7
195 36
196 14
197 31
198 1
199 44
200 40
201 10
202 4
203 32
204 4
205 37
206 30
207 15
208 39
209 24
210 12
211 9
212 9
213 11
214 9
215 18
216 40
217 27
218 1
219 33
220 3
221 41
222 17
223 13
224 19
225 14
226 26
227 48
228 8
229 17
230 42
231 6
232 48
233 6
234 13
235 4
236 26
237 16
238 27
239 38
240 21
241 39
242 20
243 7
244 21
245 3
246 11
247 13
248 34
249 23
250 5
251 12
252 48
253 31
254 2
255 10
256 29
257 16
258 3
259 17
260 10
261 23
262 9
263 29
264 29
265 2
266 34
267 42
268 23
269 41
270 20
271 35
272 42
273 40
274 43
275 19
276 41
277 26
278 11
279 28
280 44
281 20
282 3
283 11
284 2
285 28
286 1
287 36
288 8
289 25
290 36
291 17
292 21
293 2
294 33
295 1
296 29
297 47
298 52
299 43
300 39
301 28
302 6
303 25
304 30
305 38
306 22
307 35
308 3
309 22
310 27
311 50
312 35
313 29
314 32
315 34
316 15
317 31
318 9
319 10
320 4
321 21
322 32
323 10
324 24
325 39
326 17
327 15
328 17
329 10
330 28
331 4
332 26
333 53
334 50
335 49
336 52
337 14
338 50
339 50
340 31
341 43
342 50
343 51
344 51
345 38
346 4
347 48
348 22
349 14
350 23
351 43
352 51
353 27
354 33
355 7
356 45
357 45
358 27
359 3
360 50
361 34
362 41
363 50
364 52
365 51
366 31
367 28
368 52
369 52
370 51
371 44
372 3
373 46
374 51
375 11
376 52
377 52
378 50
379 50
380 52
381 45
382 45
383 48
384 45
385 41
386 49
387 51
388 42
389 51
390 24
391 47
392 30
393 47
394 49
395 4
396 52
397 50
398 45
399 45
400 53
401 42
402 53
403 52
404 53
405 51
406 45
407 45
408 24
409 47
410 52
411 46
412 23
413 42
414 45
415 46
416 49
417 51
418 12
419 50
420 51
421 36
422 50
423 50
424 27
425 4
426 30
427 49
428 45
429 13
430 30
431 51
432 52
433 46
434 24
435 50
436 48
437 30
438 49
439 51
440 50
441 50
442 51
443 53
444 7
445 28
446 47
447 49
448 48
449 31
450 37
451 42
452 51
453 5
454 24
455 48
456 51
457 51
458 46
459 51
460 8
461 45
462 35
463 45
464 48
465 44
466 37
467 45
468 51
469 24
470 51
471 45
472 25
473 50
474 53
475 50
476 52
477 44
478 47
479 38
480 46
481 41
482 45
483 51
484 37
485 37
486 49
487 31
488 50
489 33
490 44
491 51
492 45
493 52
494 31
495 52
496 52
497 50
498 50
499 47
500 51
501 5
502 51
503 45
504 37
505 25
506 53
507 51
508 50
509 49
510 46
511 51
512 11
513 45
514 53
515 51
516 50
517 52
518 13
519 53
520 24
521 47
522 7
523 51
524 27
525 50
526 45
527 11
528 50
529 44
530 45
531 51
532 51
533 49
534 41
535 53
536 51
537 47
538 6
539 37
540 20
541 51
542 22
543 37
544 11
545 36
546 44
547 45
548 50
549 51
550 45
551 53
552 49
553 51
554 40
555 49
556 51
557 51
558 53
559 48
560 45
561 50
562 31
563 51
564 49
565 30
566 35
567 49
568 52
569 34
570 51
571 49
572 49
573 46
574 36
575 42
576 28
577 50
578 47
579 35
580 51
581 12
582 5
583 36
584 51
585 46
586 49
587 38
588 48
589 52
590 51
591 49
592 7
593 50
594 51
595 52
596 53
597 48
598 47
599 44
