1000 593 374500 75.0 749 749
0 72
1 72
2 438
3 437
4 436
5 439
6 442
7 441
8 440
9 435
10 430
11 429
12 428
13 431
14 434
15 433
16 432
17 443
18 454
19 453
20 452
21 455
22 458
23 457
24 456
25 451
26 446
27 445
28 444
29 447
30 450
31 449
32 448
33 418
34 417
35 416
36 419
37 422
38 421
39 420
40 415
41 410
42 409
43 408
44 411
45 414
46 413
47 412
48 368
49 424
50 423
51 371
52 370
53 427
54 426
55 425
56 369
57 363
58 362
59 361
60 364
61 367
62 366
63 365
64 372
65 473
66 472
67 471
68 474
69 477
70 476
71 475
72 470
73 465
74 464
75 463
76 466
77 469
78 468
79 467
80 478
81 489
82 488
83 487
84 490
85 493
86 492
87 491
88 486
89 481
90 480
91 479
92 482
93 485
94 484
95 483
96 355
97 354
98 353
99 356
100 359
101 358
102 357
103 352
104 347
105 346
106 345
107 348
108 351
109 350
110 349
111 360
112 383
113 382
114 381
115 459
116 462
117 461
118 460
119 380
120 375
121 374
122 373
123 376
124 379
125 378
126 377
127 264
128 263
129 260
130 265
131 266
132 262
133 261
134 259
135 254
136 253
137 210
138 255
139 258
140 257
141 256
142 267
143 278
144 277
145 276
146 279
147 282
148 281
149 280
150 275
151 270
152 269
153 268
154 271
155 274
156 273
157 272
158 88
159 87
160 86
161 89
162 92
163 91
164 90
165 85
166 80
167 79
168 77
169 81
170 84
171 83
172 82
173 93
174 122
175 121
176 120
177 123
178 126
179 125
180 124
181 119
182 114
183 95
184 94
185 115
186 118
187 117
188 116
189 283
190 324
191 323
192 322
193 325
194 328
195 327
196 326
197 321
198 316
199 315
200 314
201 317
202 320
203 319
204 318
205 329
206 340
207 339
208 338
209 341
210 344
211 343
212 342
213 337
214 332
215 331
216 330
217 333
218 336
219 335
220 334
221 294
222 293
223 292
224 295
225 298
226 297
227 296
228 291
229 286
230 285
231 284
232 287
233 290
234 289
235 288
236 299
237 309
238 308
239 307
240 310
241 313
242 312
243 311
244 306
245 302
246 301
247 300
248 303
249 305
250 304
251 552
252 512
253 511
254 510
255 513
256 516
257 515
258 514
259 509
260 504
261 503
262 502
263 505
264 508
265 507
266 506
267 527
268 526
269 525
270 528
271 531
272 530
273 529
274 524
275 519
276 518
277 517
278 520
279 523
280 522
281 521
282 501
283 395
284 394
285 393
286 396
287 399
288 398
289 397
290 392
291 387
292 386
293 385
294 388
295 391
296 390
297 389
298 496
299 495
300 494
301 497
302 500
303 499
304 498
305 407
306 402
307 401
308 400
309 403
310 406
311 405
312 404
313 532
314 574
315 573
316 572
317 575
318 578
319 577
320 576
321 571
322 566
323 565
324 564
325 567
326 570
327 569
328 568
329 589
330 588
331 587
332 590
333 593
334 592
335 591
336 586
337 581
338 580
339 579
340 582
341 585
342 584
343 583
344 563
345 543
346 542
347 541
348 544
349 547
350 546
351 545
352 540
353 535
354 534
355 533
356 536
357 539
358 538
359 537
360 558
361 557
362 556
363 559
364 562
365 561
366 560
367 555
368 550
369 549
370 548
371 551
372 554
373 553
374 384
375 169
376 168
377 167
378 170
379 173
380 172
381 171
382 166
383 161
384 160
385 159
386 162
387 165
388 164
389 163
390 174
391 185
392 184
393 183
394 186
395 189
396 188
397 187
398 182
399 177
400 176
401 175
402 178
403 181
404 180
405 179
406 158
407 137
408 136
409 135
410 138
411 141
412 140
413 139
414 134
415 129
416 128
417 127
418 130
419 133
420 132
421 131
422 142
423 153
424 152
425 151
426 154
427 157
428 156
429 155
430 150
431 145
432 144
433 143
434 146
435 149
436 148
437 147
438 232
439 231
440 230
441 233
442 236
443 235
444 234
445 229
446 224
447 223
448 222
449 225
450 228
451 227
452 226
453 237
454 248
455 247
456 246
457 249
458 252
459 251
460 250
461 245
462 240
463 239
464 238
465 241
466 244
467 243
468 242
469 221
470 200
471 199
472 198
473 201
474 204
475 203
476 202
477 197
478 192
479 191
480 190
481 193
482 196
483 195
484 194
485 205
486 216
487 215
488 214
489 217
490 220
491 219
492 218
493 213
494 208
495 207
496 206
497 209
498 212
499 211
500 44
501 43
502 42
503 45
504 48
505 47
506 46
507 41
508 36
509 35
510 34
511 37
512 40
513 39
514 38
515 49
516 60
517 59
518 58
519 61
520 64
521 63
522 62
523 57
524 52
525 51
526 50
527 53
528 56
529 55
530 54
531 33
532 12
533 11
534 10
535 13
536 16
537 15
538 14
539 9
540 4
541 3
542 2
543 5
544 8
545 7
546 6
547 17
548 28
549 27
550 26
551 29
552 32
553 31
554 30
555 25
556 20
557 19
558 18
559 21
560 24
561 23
562 22
563 106
564 105
565 104
566 107
567 110
568 109
569 108
570 103
571 98
572 97
573 96
574 99
575 102
576 101
577 100
578 111
579 122
580 121
581 120
582 123
583 126
584 125
585 124
586 119
587 114
588 113
589 112
590 115
591 118
592 117
593 116
594 75
595 74
596 73
597 76
598 79
599 78
600 77
601 72
602 67
603 66
604 65
605 68
606 71
607 70
608 69
609 80
610 91
611 90
612 89
613 92
614 95
615 94
616 93
617 88
618 83
619 82
620 81
621 84
622 87
623 86
624 85
625 210
626 321
627 320
628 322
629 324
630 323
631 319
632 315
633 314
634 316
635 318
636 317
637 325
638 333
639 332
640 334
641 336
642 335
643 331
644 327
645 326
646 328
647 330
648 329
649 298
650 297
651 299
652 301
653 300
654 296
655 292
656 291
657 293
658 295
659 294
660 302
661 310
662 309
663 311
664 313
665 312
666 308
667 304
668 303
669 305
670 307
671 306
672 337
673 368
674 367
675 369
676 371
677 370
678 366
679 362
680 361
681 363
682 365
683 364
684 372
685 380
686 379
687 381
688 383
689 382
690 378
691 374
692 373
693 375
694 377
695 376
696 345
697 344
698 346
699 348
700 347
701 343
702 339
703 338
704 340
705 342
706 341
707 349
708 357
709 356
710 358
711 360
712 359
713 355
714 351
715 350
716 352
717 354
718 353
719 270
720 269
721 271
722 273
723 272
724 268
725 264
726 263
727 265
728 267
729 266
730 274
731 282
732 281
733 283
734 285
735 284
736 280
737 276
738 275
739 277
740 279
741 278
742 257
743 256
744 258
745 260
746 259
747 255
748 254
749 253
750 169
751 168
752 167
753 170
754 173
755 172
756 171
757 262
758 261
759 166
760 160
761 159
762 161
763 164
764 162
765 163
766 185
767 184
768 286
769 287
770 186
771 183
772 174
773 165
774 177
775 176
776 175
777 178
778 189
779 188
780 288
781 290
782 289
783 187
784 179
785 158
786 180
787 182
788 181
789 135
790 134
791 136
792 138
793 137
794 133
795 128
796 127
797 129
798 131
799 130
800 132
801 152
802 151
803 153
804 154
805 150
806 145
807 140
808 139
809 141
810 143
811 142
812 144
813 385
814 384
815 386
816 387
817 236
818 235
819 230
820 229
821 231
822 233
823 232
824 234
825 389
826 388
827 390
828 391
829 248
830 247
831 227
832 226
833 228
834 246
835 237
836 222
837 157
838 223
839 225
840 224
841 156
842 147
843 146
844 148
845 155
846 149
847 198
848 200
849 199
850 201
851 203
852 202
853 197
854 191
855 190
856 192
857 196
858 193
859 194
860 392
861 252
862 393
863 395
864 394
865 251
866 244
867 243
868 245
869 250
870 249
871 396
872 404
873 403
874 405
875 407
876 406
877 402
878 398
879 397
880 399
881 401
882 400
883 211
884 209
885 212
886 214
887 213
888 208
889 204
890 195
891 205
892 207
893 206
894 215
895 239
896 238
897 240
898 242
899 241
900 221
901 217
902 216
903 218
904 220
905 219
906 40
907 39
908 41
909 43
910 42
911 38
912 34
913 33
914 35
915 37
916 36
917 44
918 47
919 46
920 48
921 50
922 49
923 45
924 27
925 26
926 28
927 32
928 29
929 9
930 8
931 10
932 12
933 11
934 7
935 3
936 2
937 4
938 6
939 5
940 13
941 21
942 20
943 22
944 24
945 23
946 19
947 15
948 14
949 16
950 18
951 17
952 25
953 103
954 102
955 104
956 106
957 105
958 101
959 97
960 96
961 98
962 100
963 99
964 107
965 110
966 109
967 111
968 113
969 112
970 108
971 74
972 73
973 75
974 78
975 76
976 56
977 55
978 57
979 59
980 58
981 54
982 31
983 30
984 51
985 53
986 52
987 60
988 68
989 67
990 69
991 71
992 70
993 66
994 62
995 61
996 63
997 65
998 64
999 1
