600 96 107820 60.0 476 298
0 16
1 31
2 19
3 13
4 3
5 42
6 18
7 40
8 35
9 10
10 30
11 40
12 26
13 19
14 20
15 3
16 39
17 4
18 2
19 8
20 5
21 27
22 15
23 28
24 12
25 9
26 14
27 25
28 34
29 1
30 13
31 4
32 14
33 9
34 2
35 12
36 29
37 34
38 6
39 22
40 39
41 6
42 11
43 21
44 16
45 13
46 7
47 9
48 8
49 24
50 32
51 31
52 6
53 36
54 33
55 10
56 43
57 17
58 37
59 5
60 20
61 25
62 23
63 2
64 11
65 27
66 24
67 12
68 5
69 29
70 33
71 22
72 18
73 22
74 3
75 30
76 17
77 15
78 41
79 4
80 1
81 6
82 11
83 39
84 13
85 20
86 30
87 33
88 35
89 17
90 35
91 36
92 19
93 32
94 10
95 29
96 32
97 22
98 25
99 5
100 21
101 15
102 38
103 31
104 33
105 21
106 27
107 43
108 27
109 23
110 7
111 18
112 9
113 3
114 38
115 26
116 7
117 26
118 7
119 19
120 29
121 12
122 8
123 28
124 2
125 38
126 14
127 28
128 1
129 37
130 25
131 24
132 16
133 44
134 36
135 40
136 74
137 77
138 58
139 50
140 81
141 44
142 84
143 91
144 86
145 95
146 65
147 79
148 82
149 49
150 75
151 48
152 53
153 87
154 41
155 84
156 66
157 67
158 3
159 57
160 49
161 76
162 42
163 48
164 87
165 5
166 73
167 75
168 47
169 82
170 55
171 53
172 8
173 83
174 43
175 48
176 94
177 43
178 79
179 15
180 76
181 87
182 83
183 34
184 50
185 52
186 53
187 69
188 65
189 29
190 45
191 5
192 81
193 62
194 51
195 58
196 44
197 11
198 46
199 57
200 15
201 40
202 92
203 68
204 50
205 58
206 65
207 82
208 76
209 54
210 49
211 77
212 48
213 89
214 70
215 45
216 53
217 82
218 63
219 65
220 63
221 85
222 40
223 68
224 39
225 59
226 52
227 16
228 47
229 64
230 74
231 78
232 92
233 88
234 43
235 59
236 82
237 75
238 35
239 1
240 71
241 62
242 85
243 32
244 64
245 80
246 38
247 52
248 55
249 37
250 78
251 76
252 80
253 68
254 37
255 55
256 40
257 1
258 91
259 44
260 85
261 43
262 49
263 7
264 76
265 23
266 69
267 49
268 70
269 46
270 51
271 68
272 64
273 2
274 71
275 46
276 45
277 67
278 84
279 76
280 41
281 56
282 28
283 68
284 37
285 88
286 84
287 48
288 69
289 70
290 77
291 90
292 85
293 86
294 50
295 57
296 36
297 44
298 73
299 23
300 91
301 68
302 51
303 71
304 61
305 56
306 9
307 73
308 26
309 55
310 63
311 43
312 42
313 63
314 42
315 42
316 55
317 53
318 23
319 52
320 56
321 63
322 45
323 45
324 50
325 64
326 93
327 67
328 24
329 69
330 70
331 37
332 56
333 60
334 72
335 88
336 73
337 78
338 84
339 47
340 86
341 62
342 59
343 66
344 58
345 59
346 50
347 12
348 26
349 59
350 63
351 64
352 92
353 56
354 32
355 79
356 17
357 14
358 60
359 62
360 65
361 11
362 44
363 40
364 85
365 69
366 48
367 52
368 60
369 24
370 51
371 69
372 54
373 20
374 39
375 54
376 23
377 61
378 81
379 20
380 38
381 16
382 35
383 47
384 63
385 31
386 41
387 72
388 61
389 64
390 44
391 49
392 75
393 75
394 31
395 78
396 90
397 66
398 51
399 76
400 94
401 21
402 72
403 52
404 2
405 49
406 49
407 82
408 60
409 91
410 56
411 81
412 93
413 65
414 27
415 11
416 70
417 48
418 91
419 95
420 72
421 39
422 46
423 55
424 37
425 51
426 19
427 92
428 47
429 42
430 18
431 53
432 41
433 9
434 54
435 73
436 67
437 54
438 54
439 36
440 69
441 32
442 88
443 54
444 83
445 56
446 77
447 48
448 92
449 89
450 41
451 55
452 17
453 85
454 86
455 62
456 80
457 57
458 60
459 66
460 48
461 80
462 75
463 88
464 83
465 42
466 20
467 82
468 47
469 81
470 78
471 60
472 34
473 4
474 79
475 46
476 57
477 50
478 77
479 44
480 61
481 57
482 24
483 53
484 26
485 88
486 85
487 60
488 8
489 61
490 57
491 59
492 21
493 45
494 79
495 54
496 77
497 72
498 50
499 28
500 73
501 64
502 66
503 12
504 56
505 80
506 94
507 50
508 77
509 67
510 80
511 25
512 90
513 62
514 34
515 58
516 66
517 73
518 83
519 79
520 71
521 69
522 84
523 80
524 61
525 89
526 80
527 24
528 96
529 66
530 41
531 61
532 31
533 58
534 35
535 67
536 47
537 89
538 71
539 16
540 57
541 47
542 95
543 70
544 76
545 74
546 61
547 38
548 67
549 86
550 52
551 18
552 87
553 81
554 93
555 58
556 22
557 10
558 30
559 68
560 13
561 36
562 54
563 74
564 66
565 62
566 71
567 77
568 55
569 71
570 78
571 46
572 68
573 11
574 45
575 84
576 62
577 87
578 74
579 4
580 51
581 1
582 58
583 72
584 45
585 76
586 59
587 43
588 90
589 90
590 30
591 87
592 86
593 90
594 18
595 46
596 69
597 75
598 55
599 28
